<?xml version="1.0" encoding="UTF-8"?>
<!-- Generated by org.testng.reporters.JUnitXMLReporter -->
<testsuite hostname="DESKTOP-HF99DNN" ignored="0" name="chrome" tests="6" failures="0" timestamp="29 Jul 2019 22:52:20 GMT" time="124.581" errors="0">
  <testcase name="@BeforeMethod getDriver" time="57.608" classname="tests.GenericTest">
    <failure type="java.lang.NullPointerException">
      <![CDATA[java.lang.NullPointerException
at tests.GenericTest.getBrowser(GenericTest.java:57)
at tests.GenericTest.getDriver(GenericTest.java:23)
at java.util.concurrent.FutureTask.run(Unknown Source)
at java.util.concurrent.ThreadPoolExecutor.runWorker(Unknown Source)
at java.util.concurrent.ThreadPoolExecutor$Worker.run(Unknown Source)
at java.lang.Thread.run(Unknown Source)
... Removed 19 stack frames]]>
    </failure>
  </testcase> <!-- @BeforeMethod getDriver -->
  <testcase name="@BeforeMethod getDriver" time="0.0" classname="tests.GenericTest">
    <skipped/>
  </testcase> <!-- @BeforeMethod getDriver -->
  <testcase name="@BeforeMethod getDriver" time="0.0" classname="tests.GenericTest">
    <skipped/>
  </testcase> <!-- @BeforeMethod getDriver -->
  <testcase name="@BeforeMethod getDriver" time="0.0" classname="tests.GenericTest">
    <skipped/>
  </testcase> <!-- @BeforeMethod getDriver -->
  <testcase name="@BeforeMethod getDriver" time="0.0" classname="tests.GenericTest">
    <skipped/>
  </testcase> <!-- @BeforeMethod getDriver -->
  <testcase name="@BeforeMethod getDriver" time="4.88" classname="tests.GenericTest">
    <failure type="java.lang.NullPointerException">
      <![CDATA[java.lang.NullPointerException
at tests.GenericTest.getBrowser(GenericTest.java:57)
at tests.GenericTest.getDriver(GenericTest.java:23)
at java.util.concurrent.FutureTask.run(Unknown Source)
at java.util.concurrent.ThreadPoolExecutor.runWorker(Unknown Source)
at java.util.concurrent.ThreadPoolExecutor$Worker.run(Unknown Source)
at java.lang.Thread.run(Unknown Source)
... Removed 19 stack frames]]>
    </failure>
  </testcase> <!-- @BeforeMethod getDriver -->
  <testcase name="@BeforeMethod getDriver" time="0.0" classname="tests.GenericTest">
    <skipped/>
  </testcase> <!-- @BeforeMethod getDriver -->
  <testcase name="@BeforeMethod getDriver" time="0.0" classname="tests.GenericTest">
    <skipped/>
  </testcase> <!-- @BeforeMethod getDriver -->
  <testcase name="@BeforeMethod getDriver" time="0.0" classname="tests.GenericTest">
    <skipped/>
  </testcase> <!-- @BeforeMethod getDriver -->
  <testcase name="@BeforeMethod getDriver" time="0.0" classname="tests.GenericTest">
    <skipped/>
  </testcase> <!-- @BeforeMethod getDriver -->
  <testcase name="testLoginExistedUser" time="2.932" classname="tests.LoginTest"/>
  <testcase name="testLoginWithEmptyPassword" time="0.0" classname="tests.LoginTest">
    <skipped/>
  </testcase> <!-- testLoginWithEmptyPassword -->
  <testcase name="testLoginWithEmptyUserName" time="0.0" classname="tests.LoginTest">
    <skipped/>
  </testcase> <!-- testLoginWithEmptyUserName -->
  <testcase name="testLoginWithIncorectUser" time="0.0" classname="tests.LoginTest">
    <skipped/>
  </testcase> <!-- testLoginWithIncorectUser -->
  <testcase name="testLoginWithLockedUser" time="0.0" classname="tests.LoginTest">
    <skipped/>
  </testcase> <!-- testLoginWithLockedUser -->
  <testcase name="testLogout" time="0.0" classname="tests.LoginTest">
    <skipped/>
  </testcase> <!-- testLogout -->
</testsuite> <!-- chrome -->
