<?xml version="1.0" encoding="UTF-8"?>
<!-- Generated by org.testng.reporters.JUnitXMLReporter -->
<testsuite hostname="DESKTOP-HF99DNN" ignored="0" name="Failed login" tests="4" failures="0" timestamp="29 Jul 2019 23:45:55 GMT" time="34.92" errors="0">
  <testcase name="testOneOrderInCart" time="2.682" classname="tests.ProductTest"/>
  <testcase name="testSortingNameDown" time="2.109" classname="tests.ProductTest"/>
  <testcase name="testSortingNameUp" time="1.942" classname="tests.ProductTest"/>
  <testcase name="testThreeOrdersInCart" time="2.314" classname="tests.ProductTest"/>
</testsuite> <!-- Failed login -->
