<?xml version="1.0" encoding="UTF-8"?>
<!-- Generated by org.testng.reporters.JUnitXMLReporter -->
<testsuite hostname="DESKTOP-HF99DNN" ignored="0" name="Success login" tests="6" failures="0" timestamp="29 Jul 2019 23:46:14 GMT" time="54.707" errors="0">
  <testcase name="testLoginExistedUser" time="4.225" classname="tests.LoginTest"/>
  <testcase name="testLoginWithEmptyPassword" time="0.997" classname="tests.LoginTest"/>
  <testcase name="testLoginWithEmptyUserName" time="0.866" classname="tests.LoginTest"/>
  <testcase name="testLoginWithIncorectUser" time="1.339" classname="tests.LoginTest"/>
  <testcase name="testLoginWithLockedUser" time="0.646" classname="tests.LoginTest"/>
  <testcase name="testLogout" time="13.027" classname="tests.LoginTest"/>
</testsuite> <!-- Success login -->
