<?xml version="1.0" encoding="UTF-8"?>
<!-- Generated by org.testng.reporters.JUnitXMLReporter -->
<testsuite hostname="DESKTOP-HF99DNN" ignored="0" name="Success login 2" tests="6" failures="2" timestamp="29 Jul 2019 22:11:16 GMT" time="28.58" errors="0">
  <testcase name="testLoginExistedUser" time="0.001" classname="tests.LoginTest">
    <failure type="java.lang.Error" message="Unresolved compilation problem: 
	The method logout() is undefined for the type LoginTest
">
      <![CDATA[java.lang.Error: Unresolved compilation problem: 
The method logout() is undefined for the type LoginTest

at tests.LoginTest.testLoginExistedUser(LoginTest.java:39)
at java.util.concurrent.FutureTask.run(Unknown Source)
at java.util.concurrent.ThreadPoolExecutor.runWorker(Unknown Source)
at java.util.concurrent.ThreadPoolExecutor$Worker.run(Unknown Source)
at java.lang.Thread.run(Unknown Source)
... Removed 16 stack frames]]>
    </failure>
  </testcase> <!-- testLoginExistedUser -->
  <testcase name="testLoginWithEmptyPassword" time="0.587" classname="tests.LoginTest"/>
  <testcase name="testLoginWithEmptyUserName" time="0.617" classname="tests.LoginTest"/>
  <testcase name="testLoginWithIncorectUser" time="0.671" classname="tests.LoginTest"/>
  <testcase name="testLoginWithLockedUser" time="0.63" classname="tests.LoginTest"/>
  <testcase name="testLogout" time="0.001" classname="tests.LoginTest">
    <failure type="java.lang.Error" message="Unresolved compilation problem: 
	The method logout() is undefined for the type LoginTest
">
      <![CDATA[java.lang.Error: Unresolved compilation problem: 
The method logout() is undefined for the type LoginTest

at tests.LoginTest.testLogout(LoginTest.java:83)
at java.util.concurrent.FutureTask.run(Unknown Source)
at java.util.concurrent.ThreadPoolExecutor.runWorker(Unknown Source)
at java.util.concurrent.ThreadPoolExecutor$Worker.run(Unknown Source)
at java.lang.Thread.run(Unknown Source)
... Removed 16 stack frames]]>
    </failure>
  </testcase> <!-- testLogout -->
</testsuite> <!-- Success login 2 -->
