<?xml version="1.0" encoding="UTF-8"?>
<!-- Generated by org.testng.reporters.JUnitXMLReporter -->
<testsuite hostname="DESKTOP-HF99DNN" ignored="0" name="Success login 2" tests="6" failures="0" timestamp="26 Jul 2019 18:09:40 GMT" time="67.059" errors="0">
  <testcase name="testLoginExistedUser" time="5.472" classname="tests.LoginTest"/>
  <testcase name="testLoginWithEmptyPassword" time="1.38" classname="tests.LoginTest"/>
  <testcase name="testLoginWithEmptyUserName" time="0.911" classname="tests.LoginTest"/>
  <testcase name="testLoginWithIncorectUser" time="0.947" classname="tests.LoginTest"/>
  <testcase name="testLoginWithLockedUser" time="1.17" classname="tests.LoginTest"/>
  <testcase name="testLogout" time="14.115" classname="tests.LoginTest"/>
</testsuite> <!-- Success login 2 -->
