<?xml version="1.0" encoding="UTF-8"?>
<!-- Generated by org.testng.reporters.JUnitXMLReporter -->
<testsuite hostname="DESKTOP-HF99DNN" ignored="0" name="Success login" tests="6" failures="0" timestamp="26 Jul 2019 18:09:40 GMT" time="67.037" errors="0">
  <testcase name="testLoginExistedUser" time="5.409" classname="tests.LoginTest"/>
  <testcase name="testLoginWithEmptyPassword" time="0.861" classname="tests.LoginTest"/>
  <testcase name="testLoginWithEmptyUserName" time="0.905" classname="tests.LoginTest"/>
  <testcase name="testLoginWithIncorectUser" time="1.082" classname="tests.LoginTest"/>
  <testcase name="testLoginWithLockedUser" time="1.253" classname="tests.LoginTest"/>
  <testcase name="testLogout" time="14.063" classname="tests.LoginTest"/>
</testsuite> <!-- Success login -->
