<?xml version="1.0" encoding="UTF-8"?>
<testng-results skipped="0" failed="0" ignored="0" total="10" passed="10">
  <reporter-output>
  </reporter-output>
  <suite name="Login tests" duration-ms="54707" started-at="2019-07-29T23:45:20Z" finished-at="2019-07-29T23:46:14Z">
    <groups>
    </groups>
    <test name="Failed login" duration-ms="34920" started-at="2019-07-29T23:45:20Z" finished-at="2019-07-29T23:45:55Z">
      <class name="tests.ProductTest">
        <test-method status="PASS" signature="getDriver()[pri:0, instance:tests.ProductTest@4667ae56]" name="getDriver" is-config="true" duration-ms="6398" started-at="2019-07-29T23:45:20Z" finished-at="2019-07-29T23:45:26Z">
          <reporter-output>
          </reporter-output>
        </test-method> <!-- getDriver -->
        <test-method status="PASS" signature="testOneOrderInCart()[pri:0, instance:tests.ProductTest@4667ae56]" name="testOneOrderInCart" duration-ms="2682" started-at="2019-07-29T23:45:26Z" finished-at="2019-07-29T23:45:29Z">
          <reporter-output>
          </reporter-output>
        </test-method> <!-- testOneOrderInCart -->
        <test-method status="PASS" signature="closeBrowser()[pri:0, instance:tests.ProductTest@4667ae56]" name="closeBrowser" is-config="true" duration-ms="1237" started-at="2019-07-29T23:45:29Z" finished-at="2019-07-29T23:45:30Z">
          <reporter-output>
          </reporter-output>
        </test-method> <!-- closeBrowser -->
        <test-method status="PASS" signature="getDriver()[pri:0, instance:tests.ProductTest@4667ae56]" name="getDriver" is-config="true" duration-ms="4521" started-at="2019-07-29T23:45:30Z" finished-at="2019-07-29T23:45:34Z">
          <reporter-output>
          </reporter-output>
        </test-method> <!-- getDriver -->
        <test-method status="PASS" signature="testSortingNameDown()[pri:0, instance:tests.ProductTest@4667ae56]" name="testSortingNameDown" duration-ms="2109" started-at="2019-07-29T23:45:34Z" finished-at="2019-07-29T23:45:37Z">
          <reporter-output>
          </reporter-output>
        </test-method> <!-- testSortingNameDown -->
        <test-method status="PASS" signature="closeBrowser()[pri:0, instance:tests.ProductTest@4667ae56]" name="closeBrowser" is-config="true" duration-ms="995" started-at="2019-07-29T23:45:37Z" finished-at="2019-07-29T23:45:38Z">
          <reporter-output>
          </reporter-output>
        </test-method> <!-- closeBrowser -->
        <test-method status="PASS" signature="getDriver()[pri:0, instance:tests.ProductTest@4667ae56]" name="getDriver" is-config="true" duration-ms="4788" started-at="2019-07-29T23:45:38Z" finished-at="2019-07-29T23:45:42Z">
          <reporter-output>
          </reporter-output>
        </test-method> <!-- getDriver -->
        <test-method status="PASS" signature="testSortingNameUp()[pri:0, instance:tests.ProductTest@4667ae56]" name="testSortingNameUp" duration-ms="1942" started-at="2019-07-29T23:45:42Z" finished-at="2019-07-29T23:45:44Z">
          <reporter-output>
          </reporter-output>
        </test-method> <!-- testSortingNameUp -->
        <test-method status="PASS" signature="closeBrowser()[pri:0, instance:tests.ProductTest@4667ae56]" name="closeBrowser" is-config="true" duration-ms="790" started-at="2019-07-29T23:45:44Z" finished-at="2019-07-29T23:45:45Z">
          <reporter-output>
          </reporter-output>
        </test-method> <!-- closeBrowser -->
        <test-method status="PASS" signature="getDriver()[pri:0, instance:tests.ProductTest@4667ae56]" name="getDriver" is-config="true" duration-ms="4978" started-at="2019-07-29T23:45:45Z" finished-at="2019-07-29T23:45:50Z">
          <reporter-output>
          </reporter-output>
        </test-method> <!-- getDriver -->
        <test-method status="PASS" signature="testThreeOrdersInCart()[pri:0, instance:tests.ProductTest@4667ae56]" name="testThreeOrdersInCart" duration-ms="2314" started-at="2019-07-29T23:45:50Z" finished-at="2019-07-29T23:45:52Z">
          <reporter-output>
          </reporter-output>
        </test-method> <!-- testThreeOrdersInCart -->
        <test-method status="PASS" signature="closeBrowser()[pri:0, instance:tests.ProductTest@4667ae56]" name="closeBrowser" is-config="true" duration-ms="2122" started-at="2019-07-29T23:45:52Z" finished-at="2019-07-29T23:45:55Z">
          <reporter-output>
          </reporter-output>
        </test-method> <!-- closeBrowser -->
      </class> <!-- tests.ProductTest -->
    </test> <!-- Failed login -->
    <test name="Success login" duration-ms="54707" started-at="2019-07-29T23:45:20Z" finished-at="2019-07-29T23:46:14Z">
      <class name="tests.LoginTest">
        <test-method status="PASS" signature="getDriver()[pri:0, instance:tests.LoginTest@4501b7af]" name="getDriver" is-config="true" duration-ms="6420" started-at="2019-07-29T23:45:20Z" finished-at="2019-07-29T23:45:26Z">
          <reporter-output>
          </reporter-output>
        </test-method> <!-- getDriver -->
        <test-method status="PASS" signature="testLoginExistedUser()[pri:0, instance:tests.LoginTest@4501b7af]" name="testLoginExistedUser" duration-ms="4225" started-at="2019-07-29T23:45:26Z" finished-at="2019-07-29T23:45:30Z">
          <reporter-output>
          </reporter-output>
        </test-method> <!-- testLoginExistedUser -->
        <test-method status="PASS" signature="closeBrowser()[pri:0, instance:tests.LoginTest@4501b7af]" name="closeBrowser" is-config="true" duration-ms="910" started-at="2019-07-29T23:45:30Z" finished-at="2019-07-29T23:45:31Z">
          <reporter-output>
          </reporter-output>
        </test-method> <!-- closeBrowser -->
        <test-method status="PASS" signature="getDriver()[pri:0, instance:tests.LoginTest@4501b7af]" name="getDriver" is-config="true" duration-ms="4505" started-at="2019-07-29T23:45:31Z" finished-at="2019-07-29T23:45:36Z">
          <reporter-output>
          </reporter-output>
        </test-method> <!-- getDriver -->
        <test-method status="PASS" signature="testLoginWithEmptyPassword()[pri:0, instance:tests.LoginTest@4501b7af]" name="testLoginWithEmptyPassword" duration-ms="997" started-at="2019-07-29T23:45:36Z" finished-at="2019-07-29T23:45:37Z">
          <reporter-output>
          </reporter-output>
        </test-method> <!-- testLoginWithEmptyPassword -->
        <test-method status="PASS" signature="closeBrowser()[pri:0, instance:tests.LoginTest@4501b7af]" name="closeBrowser" is-config="true" duration-ms="896" started-at="2019-07-29T23:45:37Z" finished-at="2019-07-29T23:45:38Z">
          <reporter-output>
          </reporter-output>
        </test-method> <!-- closeBrowser -->
        <test-method status="PASS" signature="getDriver()[pri:0, instance:tests.LoginTest@4501b7af]" name="getDriver" is-config="true" duration-ms="4662" started-at="2019-07-29T23:45:38Z" finished-at="2019-07-29T23:45:42Z">
          <reporter-output>
          </reporter-output>
        </test-method> <!-- getDriver -->
        <test-method status="PASS" signature="testLoginWithEmptyUserName()[pri:0, instance:tests.LoginTest@4501b7af]" name="testLoginWithEmptyUserName" duration-ms="866" started-at="2019-07-29T23:45:42Z" finished-at="2019-07-29T23:45:43Z">
          <reporter-output>
          </reporter-output>
        </test-method> <!-- testLoginWithEmptyUserName -->
        <test-method status="PASS" signature="closeBrowser()[pri:0, instance:tests.LoginTest@4501b7af]" name="closeBrowser" is-config="true" duration-ms="1644" started-at="2019-07-29T23:45:43Z" finished-at="2019-07-29T23:45:45Z">
          <reporter-output>
          </reporter-output>
        </test-method> <!-- closeBrowser -->
        <test-method status="PASS" signature="getDriver()[pri:0, instance:tests.LoginTest@4501b7af]" name="getDriver" is-config="true" duration-ms="3976" started-at="2019-07-29T23:45:45Z" finished-at="2019-07-29T23:45:49Z">
          <reporter-output>
          </reporter-output>
        </test-method> <!-- getDriver -->
        <test-method status="PASS" signature="testLoginWithIncorectUser()[pri:0, instance:tests.LoginTest@4501b7af]" name="testLoginWithIncorectUser" duration-ms="1339" started-at="2019-07-29T23:45:49Z" finished-at="2019-07-29T23:45:50Z">
          <reporter-output>
          </reporter-output>
        </test-method> <!-- testLoginWithIncorectUser -->
        <test-method status="PASS" signature="closeBrowser()[pri:0, instance:tests.LoginTest@4501b7af]" name="closeBrowser" is-config="true" duration-ms="1475" started-at="2019-07-29T23:45:50Z" finished-at="2019-07-29T23:45:52Z">
          <reporter-output>
          </reporter-output>
        </test-method> <!-- closeBrowser -->
        <test-method status="PASS" signature="getDriver()[pri:0, instance:tests.LoginTest@4501b7af]" name="getDriver" is-config="true" duration-ms="3834" started-at="2019-07-29T23:45:52Z" finished-at="2019-07-29T23:45:55Z">
          <reporter-output>
          </reporter-output>
        </test-method> <!-- getDriver -->
        <test-method status="PASS" signature="testLoginWithLockedUser()[pri:0, instance:tests.LoginTest@4501b7af]" name="testLoginWithLockedUser" duration-ms="646" started-at="2019-07-29T23:45:55Z" finished-at="2019-07-29T23:45:56Z">
          <reporter-output>
          </reporter-output>
        </test-method> <!-- testLoginWithLockedUser -->
        <test-method status="PASS" signature="closeBrowser()[pri:0, instance:tests.LoginTest@4501b7af]" name="closeBrowser" is-config="true" duration-ms="736" started-at="2019-07-29T23:45:56Z" finished-at="2019-07-29T23:45:57Z">
          <reporter-output>
          </reporter-output>
        </test-method> <!-- closeBrowser -->
        <test-method status="PASS" signature="getDriver()[pri:0, instance:tests.LoginTest@4501b7af]" name="getDriver" is-config="true" duration-ms="3625" started-at="2019-07-29T23:45:57Z" finished-at="2019-07-29T23:46:00Z">
          <reporter-output>
          </reporter-output>
        </test-method> <!-- getDriver -->
        <test-method status="PASS" signature="testLogout()[pri:0, instance:tests.LoginTest@4501b7af]" name="testLogout" duration-ms="13027" started-at="2019-07-29T23:46:00Z" finished-at="2019-07-29T23:46:13Z">
          <reporter-output>
          </reporter-output>
        </test-method> <!-- testLogout -->
        <test-method status="PASS" signature="closeBrowser()[pri:0, instance:tests.LoginTest@4501b7af]" name="closeBrowser" is-config="true" duration-ms="875" started-at="2019-07-29T23:46:13Z" finished-at="2019-07-29T23:46:14Z">
          <reporter-output>
          </reporter-output>
        </test-method> <!-- closeBrowser -->
      </class> <!-- tests.LoginTest -->
    </test> <!-- Success login -->
  </suite> <!-- Login tests -->
</testng-results>
